<?xml version="1.0" encoding="UTF-8"?>
<coverage generated="1727912562246" clover="3.2.0">
  <project timestamp="1727912562246" name="All files">
    <metrics statements="16" coveredstatements="16" conditionals="4" coveredconditionals="4" methods="9" coveredmethods="9" elements="29" coveredelements="29" complexity="0" loc="16" ncloc="16" packages="1" files="2" classes="2"/>
    <file name="auction.js" path="C:\Users\LeonardoPeronKrause\OneDrive\Área de Trabalho\projetos\exercicioTesteUnidadeEIntegracao\teste-software-leilao-node\src\auction.js">
      <metrics statements="12" coveredstatements="12" conditionals="4" coveredconditionals="4" methods="6" coveredmethods="6"/>
      <line num="2" count="1" type="stmt"/>
      <line num="3" count="1" type="stmt"/>
      <line num="6" count="4" type="stmt"/>
      <line num="10" count="9" type="stmt"/>
      <line num="14" count="4" type="stmt"/>
      <line num="19" count="5" type="stmt"/>
      <line num="20" count="5" type="cond" truecount="2" falsecount="0"/>
      <line num="21" count="1" type="stmt"/>
      <line num="24" count="4" type="cond" truecount="2" falsecount="0"/>
      <line num="25" count="1" type="stmt"/>
      <line num="28" count="3" type="stmt"/>
      <line num="31" count="1" type="stmt"/>
    </file>
    <file name="user.js" path="C:\Users\LeonardoPeronKrause\OneDrive\Área de Trabalho\projetos\exercicioTesteUnidadeEIntegracao\teste-software-leilao-node\src\user.js">
      <metrics statements="4" coveredstatements="4" conditionals="0" coveredconditionals="0" methods="3" coveredmethods="3"/>
      <line num="1" count="2" type="stmt"/>
      <line num="4" count="7" type="stmt"/>
      <line num="8" count="17" type="stmt"/>
      <line num="11" count="2" type="stmt"/>
    </file>
  </project>
</coverage>
