TN:
SF:src\auction.js
FN:5,createAuction
FN:9,getAuctionById
FN:10,(anonymous_2)
FN:13,getBidsForAuction
FN:14,(anonymous_4)
FN:18,placeBid
FNF:6
FNH:6
FNDA:4,createAuction
FNDA:7,getAuctionById
FNDA:9,(anonymous_2)
FNDA:2,getBidsForAuction
FNDA:4,(anonymous_4)
FNDA:5,placeBid
DA:2,1
DA:3,1
DA:6,4
DA:10,9
DA:14,4
DA:19,5
DA:20,5
DA:21,1
DA:24,4
DA:25,1
DA:28,3
DA:31,1
LF:12
LH:12
BRDA:20,0,0,1
BRDA:20,0,1,4
BRDA:24,1,0,1
BRDA:24,1,1,3
BRF:4
BRH:4
end_of_record
TN:
SF:src\user.js
FN:3,addUser
FN:7,getUserById
FN:8,(anonymous_2)
FNF:3
FNH:3
FNDA:7,addUser
FNDA:8,getUserById
FNDA:17,(anonymous_2)
DA:1,2
DA:4,7
DA:8,17
DA:11,2
LF:4
LH:4
BRF:0
BRH:0
end_of_record
